# JRE version: Java(TM) SE Runtime Environment (8.0_66-b18) (build 1.8.0_66-b18)
# Java VM: Java HotSpot(TM) 64-Bit Server VM (25.66-b18 mixed mode windows-amd64 compressed oops)
Heap:
 PSYoungGen      total 75776K, used 22889K [0x000000076b580000, 0x0000000770a00000, 0x00000007c0000000)
  eden space 65024K, 29% used [0x000000076b580000,0x000000076c88b0b8,0x000000076f500000)
  from space 10752K, 31% used [0x000000076ff80000,0x00000007702cf650,0x0000000770a00000)
  to   space 10752K, 0% used [0x000000076f500000,0x000000076f500000,0x000000076ff80000)
 ParOldGen       total 173568K, used 24K [0x00000006c2000000, 0x00000006cc980000, 0x000000076b580000)
  object space 173568K, 0% used [0x00000006c2000000,0x00000006c2006000,0x00000006cc980000)
 Metaspace       used 13816K, capacity 14028K, committed 14336K, reserved 1062912K
  class space    used 1649K, capacity 1686K, committed 1792K, reserved 1048576K
GC Heap History (4 events):
Event: 1.392 GC heap before
{Heap before GC invocations=1 (full 0):
 PSYoungGen      total 75776K, used 65024K [0x000000076b580000, 0x0000000770a00000, 0x00000007c0000000)
  eden space 65024K, 100% used [0x000000076b580000,0x000000076f500000,0x000000076f500000)
  from space 10752K, 0% used [0x000000076ff80000,0x000000076ff80000,0x0000000770a00000)
  to   space 10752K, 0% used [0x000000076f500000,0x000000076f500000,0x000000076ff80000)
 ParOldGen       total 173568K, used 0K [0x00000006c2000000, 0x00000006cc980000, 0x000000076b580000)
  object space 173568K, 0% used [0x00000006c2000000,0x00000006c2000000,0x00000006cc980000)
 Metaspace       used 13793K, capacity 13964K, committed 14336K, reserved 1062912K
  class space    used 1648K, capacity 1686K, committed 1792K, reserved 1048576K
Event: 1.405 GC heap after
Heap after GC invocations=1 (full 0):
 PSYoungGen      total 75776K, used 8466K [0x000000076b580000, 0x0000000770a00000, 0x00000007c0000000)
  eden space 65024K, 0% used [0x000000076b580000,0x000000076b580000,0x000000076f500000)
  from space 10752K, 78% used [0x000000076f500000,0x000000076fd44b40,0x000000076ff80000)
  to   space 10752K, 0% used [0x000000076ff80000,0x000000076ff80000,0x0000000770a00000)
 ParOldGen       total 173568K, used 16K [0x00000006c2000000, 0x00000006cc980000, 0x000000076b580000)
  object space 173568K, 0% used [0x00000006c2000000,0x00000006c2004000,0x00000006cc980000)
 Metaspace       used 13793K, capacity 13964K, committed 14336K, reserved 1062912K
  class space    used 1648K, capacity 1686K, committed 1792K, reserved 1048576K
}
Event: 7.001 GC heap before
{Heap before GC invocations=2 (full 0):
 PSYoungGen      total 75776K, used 73490K [0x000000076b580000, 0x0000000770a00000, 0x00000007c0000000)
  eden space 65024K, 100% used [0x000000076b580000,0x000000076f500000,0x000000076f500000)
  from space 10752K, 78% used [0x000000076f500000,0x000000076fd44b40,0x000000076ff80000)
  to   space 10752K, 0% used [0x000000076ff80000,0x000000076ff80000,0x0000000770a00000)
 ParOldGen       total 173568K, used 16K [0x00000006c2000000, 0x00000006cc980000, 0x000000076b580000)
  object space 173568K, 0% used [0x00000006c2000000,0x00000006c2004000,0x00000006cc980000)
 Metaspace       used 13801K, capacity 13964K, committed 14336K, reserved 1062912K
  class space    used 1648K, capacity 1686K, committed 1792K, reserved 1048576K
Event: 7.008 GC heap after
Heap after GC invocations=2 (full 0):
 PSYoungGen      total 75776K, used 3389K [0x000000076b580000, 0x0000000770a00000, 0x00000007c0000000)
  eden space 65024K, 0% used [0x000000076b580000,0x000000076b580000,0x000000076f500000)
  from space 10752K, 31% used [0x000000076ff80000,0x00000007702cf650,0x0000000770a00000)
  to   space 10752K, 0% used [0x000000076f500000,0x000000076f500000,0x000000076ff80000)
 ParOldGen       total 173568K, used 24K [0x00000006c2000000, 0x00000006cc980000, 0x000000076b580000)
  object space 173568K, 0% used [0x00000006c2000000,0x00000006c2006000,0x00000006cc980000)
 Metaspace       used 13801K, capacity 13964K, committed 14336K, reserved 1062912K
  class space    used 1648K, capacity 1686K, committed 1792K, reserved 1048576K
}

