# JRE version: Java(TM) SE Runtime Environment (8.0_51-b16) (build 1.8.0_51-b16)
# Java VM: Java HotSpot(TM) 64-Bit Server VM (25.51-b03 mixed mode windows-amd64 compressed oops)
Heap:
 PSYoungGen      total 70656K, used 61037K [0x00000000d6100000, 0x00000000dab00000, 0x0000000100000000)
  eden space 65536K, 93% used [0x00000000d6100000,0x00000000d9c9b580,0x00000000da100000)
  from space 5120K, 0% used [0x00000000da600000,0x00000000da600000,0x00000000dab00000)
  to   space 5120K, 0% used [0x00000000da100000,0x00000000da100000,0x00000000da600000)
 ParOldGen       total 43520K, used 5399K [0x0000000082200000, 0x0000000084c80000, 0x00000000d6100000)
  object space 43520K, 12% used [0x0000000082200000,0x0000000082745fb0,0x0000000084c80000)
 Metaspace       used 24517K, capacity 25300K, committed 25600K, reserved 1071104K
  class space    used 3306K, capacity 3467K, committed 3584K, reserved 1048576K
GC Heap History (6 events):
Event: 9.467 GC heap before
{Heap before GC invocations=1 (full 0):
 PSYoungGen      total 37888K, used 32768K [0x00000000d6100000, 0x00000000d8b00000, 0x0000000100000000)
  eden space 32768K, 100% used [0x00000000d6100000,0x00000000d8100000,0x00000000d8100000)
  from space 5120K, 0% used [0x00000000d8600000,0x00000000d8600000,0x00000000d8b00000)
  to   space 5120K, 0% used [0x00000000d8100000,0x00000000d8100000,0x00000000d8600000)
 ParOldGen       total 86016K, used 0K [0x0000000082200000, 0x0000000087600000, 0x00000000d6100000)
  object space 86016K, 0% used [0x0000000082200000,0x0000000082200000,0x0000000087600000)
 Metaspace       used 13094K, capacity 13234K, committed 13440K, reserved 1060864K
  class space    used 1541K, capacity 1601K, committed 1664K, reserved 1048576K
Event: 10.027 GC heap after
Heap after GC invocations=1 (full 0):
 PSYoungGen      total 37888K, used 5096K [0x00000000d6100000, 0x00000000dab00000, 0x0000000100000000)
  eden space 32768K, 0% used [0x00000000d6100000,0x00000000d6100000,0x00000000d8100000)
  from space 5120K, 99% used [0x00000000d8100000,0x00000000d85fa120,0x00000000d8600000)
  to   space 5120K, 0% used [0x00000000da600000,0x00000000da600000,0x00000000dab00000)
 ParOldGen       total 86016K, used 1679K [0x0000000082200000, 0x0000000087600000, 0x00000000d6100000)
  object space 86016K, 1% used [0x0000000082200000,0x00000000823a3cc0,0x0000000087600000)
 Metaspace       used 13094K, capacity 13234K, committed 13440K, reserved 1060864K
  class space    used 1541K, capacity 1601K, committed 1664K, reserved 1048576K
}
Event: 13.092 GC heap before
{Heap before GC invocations=2 (full 0):
 PSYoungGen      total 37888K, used 27292K [0x00000000d6100000, 0x00000000dab00000, 0x0000000100000000)
  eden space 32768K, 67% used [0x00000000d6100000,0x00000000d76ad2a8,0x00000000d8100000)
  from space 5120K, 99% used [0x00000000d8100000,0x00000000d85fa120,0x00000000d8600000)
  to   space 5120K, 0% used [0x00000000da600000,0x00000000da600000,0x00000000dab00000)
 ParOldGen       total 86016K, used 1679K [0x0000000082200000, 0x0000000087600000, 0x00000000d6100000)
  object space 86016K, 1% used [0x0000000082200000,0x00000000823a3cc0,0x0000000087600000)
 Metaspace       used 20697K, capacity 21216K, committed 21296K, reserved 1067008K
  class space    used 2755K, capacity 2874K, committed 2944K, reserved 1048576K
Event: 13.100 GC heap after
Heap after GC invocations=2 (full 0):
 PSYoungGen      total 70656K, used 5088K [0x00000000d6100000, 0x00000000dab00000, 0x0000000100000000)
  eden space 65536K, 0% used [0x00000000d6100000,0x00000000d6100000,0x00000000da100000)
  from space 5120K, 99% used [0x00000000da600000,0x00000000daaf80c0,0x00000000dab00000)
  to   space 5120K, 0% used [0x00000000da100000,0x00000000da100000,0x00000000da600000)
 ParOldGen       total 86016K, used 2056K [0x0000000082200000, 0x0000000087600000, 0x00000000d6100000)
  object space 86016K, 2% used [0x0000000082200000,0x00000000824021b8,0x0000000087600000)
 Metaspace       used 20697K, capacity 21216K, committed 21296K, reserved 1067008K
  class space    used 2755K, capacity 2874K, committed 2944K, reserved 1048576K
}
Event: 13.100 GC heap before
{Heap before GC invocations=3 (full 1):
 PSYoungGen      total 70656K, used 5088K [0x00000000d6100000, 0x00000000dab00000, 0x0000000100000000)
  eden space 65536K, 0% used [0x00000000d6100000,0x00000000d6100000,0x00000000da100000)
  from space 5120K, 99% used [0x00000000da600000,0x00000000daaf80c0,0x00000000dab00000)
  to   space 5120K, 0% used [0x00000000da100000,0x00000000da100000,0x00000000da600000)
 ParOldGen       total 86016K, used 2056K [0x0000000082200000, 0x0000000087600000, 0x00000000d6100000)
  object space 86016K, 2% used [0x0000000082200000,0x00000000824021b8,0x0000000087600000)
 Metaspace       used 20697K, capacity 21216K, committed 21296K, reserved 1067008K
  class space    used 2755K, capacity 2874K, committed 2944K, reserved 1048576K
Event: 13.139 GC heap after
Heap after GC invocations=3 (full 1):
 PSYoungGen      total 70656K, used 0K [0x00000000d6100000, 0x00000000dab00000, 0x0000000100000000)
  eden space 65536K, 0% used [0x00000000d6100000,0x00000000d6100000,0x00000000da100000)
  from space 5120K, 0% used [0x00000000da600000,0x00000000da600000,0x00000000dab00000)
  to   space 5120K, 0% used [0x00000000da100000,0x00000000da100000,0x00000000da600000)
 ParOldGen       total 43520K, used 5399K [0x0000000082200000, 0x0000000084c80000, 0x00000000d6100000)
  object space 43520K, 12% used [0x0000000082200000,0x0000000082745fb0,0x0000000084c80000)
 Metaspace       used 20697K, capacity 21216K, committed 21296K, reserved 1067008K
  class space    used 2755K, capacity 2874K, committed 2944K, reserved 1048576K
}

