# JRE version: Java(TM) SE Runtime Environment (8.0_51-b16) (build 1.8.0_51-b16)
# Java VM: Java HotSpot(TM) 64-Bit Server VM (25.51-b03 mixed mode windows-amd64 compressed oops)
Heap:
 PSYoungGen      total 70656K, used 14941K [0x00000000d6100000, 0x00000000dab00000, 0x0000000100000000)
  eden space 65536K, 22% used [0x00000000d6100000,0x00000000d6f97548,0x00000000da100000)
  from space 5120K, 0% used [0x00000000da600000,0x00000000da600000,0x00000000dab00000)
  to   space 5120K, 0% used [0x00000000da100000,0x00000000da100000,0x00000000da600000)
 ParOldGen       total 60416K, used 12092K [0x0000000082200000, 0x0000000085d00000, 0x00000000d6100000)
  object space 60416K, 20% used [0x0000000082200000,0x0000000082dcf330,0x0000000085d00000)
 Metaspace       used 22487K, capacity 23126K, committed 23424K, reserved 1069056K
  class space    used 2955K, capacity 3108K, committed 3200K, reserved 1048576K
GC Heap History (10 events):
Event: 2.434 GC heap before
{Heap before GC invocations=1 (full 0):
 PSYoungGen      total 37888K, used 32768K [0x00000000d6100000, 0x00000000d8b00000, 0x0000000100000000)
  eden space 32768K, 100% used [0x00000000d6100000,0x00000000d8100000,0x00000000d8100000)
  from space 5120K, 0% used [0x00000000d8600000,0x00000000d8600000,0x00000000d8b00000)
  to   space 5120K, 0% used [0x00000000d8100000,0x00000000d8100000,0x00000000d8600000)
 ParOldGen       total 86016K, used 0K [0x0000000082200000, 0x0000000087600000, 0x00000000d6100000)
  object space 86016K, 0% used [0x0000000082200000,0x0000000082200000,0x0000000087600000)
 Metaspace       used 13137K, capacity 13298K, committed 13440K, reserved 1060864K
  class space    used 1541K, capacity 1601K, committed 1664K, reserved 1048576K
Event: 2.445 GC heap after
Heap after GC invocations=1 (full 0):
 PSYoungGen      total 37888K, used 5118K [0x00000000d6100000, 0x00000000d8b00000, 0x0000000100000000)
  eden space 32768K, 0% used [0x00000000d6100000,0x00000000d6100000,0x00000000d8100000)
  from space 5120K, 99% used [0x00000000d8100000,0x00000000d85ff910,0x00000000d8600000)
  to   space 5120K, 0% used [0x00000000d8600000,0x00000000d8600000,0x00000000d8b00000)
 ParOldGen       total 86016K, used 1683K [0x0000000082200000, 0x0000000087600000, 0x00000000d6100000)
  object space 86016K, 1% used [0x0000000082200000,0x00000000823a4d50,0x0000000087600000)
 Metaspace       used 13137K, capacity 13298K, committed 13440K, reserved 1060864K
  class space    used 1541K, capacity 1601K, committed 1664K, reserved 1048576K
}
Event: 3.681 GC heap before
{Heap before GC invocations=2 (full 0):
 PSYoungGen      total 37888K, used 37886K [0x00000000d6100000, 0x00000000d8b00000, 0x0000000100000000)
  eden space 32768K, 100% used [0x00000000d6100000,0x00000000d8100000,0x00000000d8100000)
  from space 5120K, 99% used [0x00000000d8100000,0x00000000d85ff910,0x00000000d8600000)
  to   space 5120K, 0% used [0x00000000d8600000,0x00000000d8600000,0x00000000d8b00000)
 ParOldGen       total 86016K, used 1683K [0x0000000082200000, 0x0000000087600000, 0x00000000d6100000)
  object space 86016K, 1% used [0x0000000082200000,0x00000000823a4d50,0x0000000087600000)
 Metaspace       used 16932K, capacity 17312K, committed 17536K, reserved 1064960K
  class space    used 2038K, capacity 2128K, committed 2176K, reserved 1048576K
Event: 3.740 GC heap after
Heap after GC invocations=2 (full 0):
 PSYoungGen      total 37888K, used 5092K [0x00000000d6100000, 0x00000000dab00000, 0x0000000100000000)
  eden space 32768K, 0% used [0x00000000d6100000,0x00000000d6100000,0x00000000d8100000)
  from space 5120K, 99% used [0x00000000d8600000,0x00000000d8af93e0,0x00000000d8b00000)
  to   space 5120K, 0% used [0x00000000d8100000,0x00000000d8100000,0x00000000d8600000)
 ParOldGen       total 86016K, used 6597K [0x0000000082200000, 0x0000000087600000, 0x00000000d6100000)
  object space 86016K, 7% used [0x0000000082200000,0x00000000828714a8,0x0000000087600000)
 Metaspace       used 16932K, capacity 17312K, committed 17536K, reserved 1064960K
  class space    used 2038K, capacity 2128K, committed 2176K, reserved 1048576K
}
Event: 4.261 GC heap before
{Heap before GC invocations=3 (full 0):
 PSYoungGen      total 37888K, used 37860K [0x00000000d6100000, 0x00000000dab00000, 0x0000000100000000)
  eden space 32768K, 100% used [0x00000000d6100000,0x00000000d8100000,0x00000000d8100000)
  from space 5120K, 99% used [0x00000000d8600000,0x00000000d8af93e0,0x00000000d8b00000)
  to   space 5120K, 0% used [0x00000000d8100000,0x00000000d8100000,0x00000000d8600000)
 ParOldGen       total 86016K, used 6597K [0x0000000082200000, 0x0000000087600000, 0x00000000d6100000)
  object space 86016K, 7% used [0x0000000082200000,0x00000000828714a8,0x0000000087600000)
 Metaspace       used 20306K, capacity 20836K, committed 20864K, reserved 1067008K
  class space    used 2534K, capacity 2679K, committed 2688K, reserved 1048576K
Event: 4.277 GC heap after
Heap after GC invocations=3 (full 0):
 PSYoungGen      total 37888K, used 5119K [0x00000000d6100000, 0x00000000dab00000, 0x0000000100000000)
  eden space 32768K, 0% used [0x00000000d6100000,0x00000000d6100000,0x00000000d8100000)
  from space 5120K, 99% used [0x00000000d8100000,0x00000000d85fffc8,0x00000000d8600000)
  to   space 5120K, 0% used [0x00000000da600000,0x00000000da600000,0x00000000dab00000)
 ParOldGen       total 86016K, used 11629K [0x0000000082200000, 0x0000000087600000, 0x00000000d6100000)
  object space 86016K, 13% used [0x0000000082200000,0x0000000082d5b798,0x0000000087600000)
 Metaspace       used 20306K, capacity 20836K, committed 20864K, reserved 1067008K
  class space    used 2534K, capacity 2679K, committed 2688K, reserved 1048576K
}
Event: 4.328 GC heap before
{Heap before GC invocations=4 (full 0):
 PSYoungGen      total 37888K, used 7956K [0x00000000d6100000, 0x00000000dab00000, 0x0000000100000000)
  eden space 32768K, 8% used [0x00000000d6100000,0x00000000d63c5300,0x00000000d8100000)
  from space 5120K, 99% used [0x00000000d8100000,0x00000000d85fffc8,0x00000000d8600000)
  to   space 5120K, 0% used [0x00000000da600000,0x00000000da600000,0x00000000dab00000)
 ParOldGen       total 86016K, used 11629K [0x0000000082200000, 0x0000000087600000, 0x00000000d6100000)
  object space 86016K, 13% used [0x0000000082200000,0x0000000082d5b798,0x0000000087600000)
 Metaspace       used 20621K, capacity 21134K, committed 21248K, reserved 1067008K
  class space    used 2575K, capacity 2714K, committed 2816K, reserved 1048576K
Event: 4.337 GC heap after
Heap after GC invocations=4 (full 0):
 PSYoungGen      total 70656K, used 5119K [0x00000000d6100000, 0x00000000dab00000, 0x0000000100000000)
  eden space 65536K, 0% used [0x00000000d6100000,0x00000000d6100000,0x00000000da100000)
  from space 5120K, 99% used [0x00000000da600000,0x00000000daafffc8,0x00000000dab00000)
  to   space 5120K, 0% used [0x00000000da100000,0x00000000da100000,0x00000000da600000)
 ParOldGen       total 86016K, used 12325K [0x0000000082200000, 0x0000000087600000, 0x00000000d6100000)
  object space 86016K, 14% used [0x0000000082200000,0x0000000082e097a8,0x0000000087600000)
 Metaspace       used 20621K, capacity 21134K, committed 21248K, reserved 1067008K
  class space    used 2575K, capacity 2714K, committed 2816K, reserved 1048576K
}
Event: 4.337 GC heap before
{Heap before GC invocations=5 (full 1):
 PSYoungGen      total 70656K, used 5119K [0x00000000d6100000, 0x00000000dab00000, 0x0000000100000000)
  eden space 65536K, 0% used [0x00000000d6100000,0x00000000d6100000,0x00000000da100000)
  from space 5120K, 99% used [0x00000000da600000,0x00000000daafffc8,0x00000000dab00000)
  to   space 5120K, 0% used [0x00000000da100000,0x00000000da100000,0x00000000da600000)
 ParOldGen       total 86016K, used 12325K [0x0000000082200000, 0x0000000087600000, 0x00000000d6100000)
  object space 86016K, 14% used [0x0000000082200000,0x0000000082e097a8,0x0000000087600000)
 Metaspace       used 20621K, capacity 21134K, committed 21248K, reserved 1067008K
  class space    used 2575K, capacity 2714K, committed 2816K, reserved 1048576K
Event: 4.408 GC heap after
Heap after GC invocations=5 (full 1):
 PSYoungGen      total 70656K, used 0K [0x00000000d6100000, 0x00000000dab00000, 0x0000000100000000)
  eden space 65536K, 0% used [0x00000000d6100000,0x00000000d6100000,0x00000000da100000)
  from space 5120K, 0% used [0x00000000da600000,0x00000000da600000,0x00000000dab00000)
  to   space 5120K, 0% used [0x00000000da100000,0x00000000da100000,0x00000000da600000)
 ParOldGen       total 60416K, used 12092K [0x0000000082200000, 0x0000000085d00000, 0x00000000d6100000)
  object space 60416K, 20% used [0x0000000082200000,0x0000000082dcf330,0x0000000085d00000)
 Metaspace       used 20621K, capacity 21134K, committed 21248K, reserved 1067008K
  class space    used 2575K, capacity 2714K, committed 2816K, reserved 1048576K
}

