# JRE version: Java(TM) SE Runtime Environment (8.0_51-b16) (build 1.8.0_51-b16)
# Java VM: Java HotSpot(TM) 64-Bit Server VM (25.51-b03 mixed mode windows-amd64 compressed oops)
Heap:
 PSYoungGen      total 37888K, used 18573K [0x00000000d6100000, 0x00000000d8b00000, 0x0000000100000000)
  eden space 32768K, 56% used [0x00000000d6100000,0x00000000d7323658,0x00000000d8100000)
  from space 5120K, 0% used [0x00000000d8600000,0x00000000d8600000,0x00000000d8b00000)
  to   space 5120K, 0% used [0x00000000d8100000,0x00000000d8100000,0x00000000d8600000)
 ParOldGen       total 40448K, used 5405K [0x0000000082200000, 0x0000000084980000, 0x00000000d6100000)
  object space 40448K, 13% used [0x0000000082200000,0x00000000827474c8,0x0000000084980000)
 Metaspace       used 23242K, capacity 23916K, committed 24064K, reserved 1071104K
  class space    used 3113K, capacity 3256K, committed 3328K, reserved 1048576K
GC Heap History (6 events):
Event: 42.824 GC heap before
{Heap before GC invocations=1 (full 0):
 PSYoungGen      total 37888K, used 32768K [0x00000000d6100000, 0x00000000d8b00000, 0x0000000100000000)
  eden space 32768K, 100% used [0x00000000d6100000,0x00000000d8100000,0x00000000d8100000)
  from space 5120K, 0% used [0x00000000d8600000,0x00000000d8600000,0x00000000d8b00000)
  to   space 5120K, 0% used [0x00000000d8100000,0x00000000d8100000,0x00000000d8600000)
 ParOldGen       total 86016K, used 0K [0x0000000082200000, 0x0000000087600000, 0x00000000d6100000)
  object space 86016K, 0% used [0x0000000082200000,0x0000000082200000,0x0000000087600000)
 Metaspace       used 13132K, capacity 13298K, committed 13440K, reserved 1060864K
  class space    used 1542K, capacity 1601K, committed 1664K, reserved 1048576K
Event: 42.835 GC heap after
Heap after GC invocations=1 (full 0):
 PSYoungGen      total 37888K, used 5089K [0x00000000d6100000, 0x00000000d8b00000, 0x0000000100000000)
  eden space 32768K, 0% used [0x00000000d6100000,0x00000000d6100000,0x00000000d8100000)
  from space 5120K, 99% used [0x00000000d8100000,0x00000000d85f8578,0x00000000d8600000)
  to   space 5120K, 0% used [0x00000000d8600000,0x00000000d8600000,0x00000000d8b00000)
 ParOldGen       total 86016K, used 1766K [0x0000000082200000, 0x0000000087600000, 0x00000000d6100000)
  object space 86016K, 2% used [0x0000000082200000,0x00000000823b9a60,0x0000000087600000)
 Metaspace       used 13132K, capacity 13298K, committed 13440K, reserved 1060864K
  class space    used 1542K, capacity 1601K, committed 1664K, reserved 1048576K
}
Event: 62.220 GC heap before
{Heap before GC invocations=2 (full 0):
 PSYoungGen      total 37888K, used 27349K [0x00000000d6100000, 0x00000000d8b00000, 0x0000000100000000)
  eden space 32768K, 67% used [0x00000000d6100000,0x00000000d76bcf30,0x00000000d8100000)
  from space 5120K, 99% used [0x00000000d8100000,0x00000000d85f8578,0x00000000d8600000)
  to   space 5120K, 0% used [0x00000000d8600000,0x00000000d8600000,0x00000000d8b00000)
 ParOldGen       total 86016K, used 1766K [0x0000000082200000, 0x0000000087600000, 0x00000000d6100000)
  object space 86016K, 2% used [0x0000000082200000,0x00000000823b9a60,0x0000000087600000)
 Metaspace       used 20696K, capacity 21246K, committed 21296K, reserved 1067008K
  class space    used 2753K, capacity 2905K, committed 2944K, reserved 1048576K
Event: 62.232 GC heap after
Heap after GC invocations=2 (full 0):
 PSYoungGen      total 37888K, used 5117K [0x00000000d6100000, 0x00000000d8b00000, 0x0000000100000000)
  eden space 32768K, 0% used [0x00000000d6100000,0x00000000d6100000,0x00000000d8100000)
  from space 5120K, 99% used [0x00000000d8600000,0x00000000d8aff630,0x00000000d8b00000)
  to   space 5120K, 0% used [0x00000000d8100000,0x00000000d8100000,0x00000000d8600000)
 ParOldGen       total 86016K, used 2125K [0x0000000082200000, 0x0000000087600000, 0x00000000d6100000)
  object space 86016K, 2% used [0x0000000082200000,0x0000000082413458,0x0000000087600000)
 Metaspace       used 20696K, capacity 21246K, committed 21296K, reserved 1067008K
  class space    used 2753K, capacity 2905K, committed 2944K, reserved 1048576K
}
Event: 62.232 GC heap before
{Heap before GC invocations=3 (full 1):
 PSYoungGen      total 37888K, used 5117K [0x00000000d6100000, 0x00000000d8b00000, 0x0000000100000000)
  eden space 32768K, 0% used [0x00000000d6100000,0x00000000d6100000,0x00000000d8100000)
  from space 5120K, 99% used [0x00000000d8600000,0x00000000d8aff630,0x00000000d8b00000)
  to   space 5120K, 0% used [0x00000000d8100000,0x00000000d8100000,0x00000000d8600000)
 ParOldGen       total 86016K, used 2125K [0x0000000082200000, 0x0000000087600000, 0x00000000d6100000)
  object space 86016K, 2% used [0x0000000082200000,0x0000000082413458,0x0000000087600000)
 Metaspace       used 20696K, capacity 21246K, committed 21296K, reserved 1067008K
  class space    used 2753K, capacity 2905K, committed 2944K, reserved 1048576K
Event: 62.303 GC heap after
Heap after GC invocations=3 (full 1):
 PSYoungGen      total 37888K, used 0K [0x00000000d6100000, 0x00000000d8b00000, 0x0000000100000000)
  eden space 32768K, 0% used [0x00000000d6100000,0x00000000d6100000,0x00000000d8100000)
  from space 5120K, 0% used [0x00000000d8600000,0x00000000d8600000,0x00000000d8b00000)
  to   space 5120K, 0% used [0x00000000d8100000,0x00000000d8100000,0x00000000d8600000)
 ParOldGen       total 40448K, used 5405K [0x0000000082200000, 0x0000000084980000, 0x00000000d6100000)
  object space 40448K, 13% used [0x0000000082200000,0x00000000827474c8,0x0000000084980000)
 Metaspace       used 20696K, capacity 21246K, committed 21296K, reserved 1067008K
  class space    used 2753K, capacity 2905K, committed 2944K, reserved 1048576K
}

