# JRE version: Java(TM) SE Runtime Environment (8.0_51-b16) (build 1.8.0_51-b16)
# Java VM: Java HotSpot(TM) 64-Bit Server VM (25.51-b03 mixed mode windows-amd64 compressed oops)
Heap:
 PSYoungGen      total 81920K, used 62796K [0x00000000d6100000, 0x00000000dcb00000, 0x0000000100000000)
  eden space 73728K, 77% used [0x00000000d6100000,0x00000000d98f7828,0x00000000da900000)
  from space 8192K, 66% used [0x00000000db100000,0x00000000db65b818,0x00000000db900000)
  to   space 8192K, 0% used [0x00000000da900000,0x00000000da900000,0x00000000db100000)
 ParOldGen       total 58880K, used 13161K [0x0000000082200000, 0x0000000085b80000, 0x00000000d6100000)
  object space 58880K, 22% used [0x0000000082200000,0x0000000082eda4c8,0x0000000085b80000)
 Metaspace       used 30280K, capacity 31756K, committed 32000K, reserved 1077248K
  class space    used 4230K, capacity 4489K, committed 4608K, reserved 1048576K
GC Heap History (10 events):
Event: 3.715 GC heap before
{Heap before GC invocations=3 (full 0):
 PSYoungGen      total 37888K, used 15231K [0x00000000d6100000, 0x00000000dab00000, 0x0000000100000000)
  eden space 32768K, 30% used [0x00000000d6100000,0x00000000d6ae08e0,0x00000000d8100000)
  from space 5120K, 99% used [0x00000000d8600000,0x00000000d8aff6c0,0x00000000d8b00000)
  to   space 5120K, 0% used [0x00000000d8100000,0x00000000d8100000,0x00000000d8600000)
 ParOldGen       total 86016K, used 4515K [0x0000000082200000, 0x0000000087600000, 0x00000000d6100000)
  object space 86016K, 5% used [0x0000000082200000,0x0000000082668cc0,0x0000000087600000)
 Metaspace       used 20612K, capacity 21098K, committed 21248K, reserved 1067008K
  class space    used 2592K, capacity 2708K, committed 2816K, reserved 1048576K
Event: 3.723 GC heap after
Heap after GC invocations=3 (full 0):
 PSYoungGen      total 37888K, used 5101K [0x00000000d6100000, 0x00000000dab00000, 0x0000000100000000)
  eden space 32768K, 0% used [0x00000000d6100000,0x00000000d6100000,0x00000000d8100000)
  from space 5120K, 99% used [0x00000000d8100000,0x00000000d85fb6a0,0x00000000d8600000)
  to   space 5120K, 0% used [0x00000000da600000,0x00000000da600000,0x00000000dab00000)
 ParOldGen       total 86016K, used 6575K [0x0000000082200000, 0x0000000087600000, 0x00000000d6100000)
  object space 86016K, 7% used [0x0000000082200000,0x000000008286bfb8,0x0000000087600000)
 Metaspace       used 20612K, capacity 21098K, committed 21248K, reserved 1067008K
  class space    used 2592K, capacity 2708K, committed 2816K, reserved 1048576K
}
Event: 3.723 GC heap before
{Heap before GC invocations=4 (full 1):
 PSYoungGen      total 37888K, used 5101K [0x00000000d6100000, 0x00000000dab00000, 0x0000000100000000)
  eden space 32768K, 0% used [0x00000000d6100000,0x00000000d6100000,0x00000000d8100000)
  from space 5120K, 99% used [0x00000000d8100000,0x00000000d85fb6a0,0x00000000d8600000)
  to   space 5120K, 0% used [0x00000000da600000,0x00000000da600000,0x00000000dab00000)
 ParOldGen       total 86016K, used 6575K [0x0000000082200000, 0x0000000087600000, 0x00000000d6100000)
  object space 86016K, 7% used [0x0000000082200000,0x000000008286bfb8,0x0000000087600000)
 Metaspace       used 20612K, capacity 21098K, committed 21248K, reserved 1067008K
  class space    used 2592K, capacity 2708K, committed 2816K, reserved 1048576K
Event: 3.768 GC heap after
Heap after GC invocations=4 (full 1):
 PSYoungGen      total 37888K, used 0K [0x00000000d6100000, 0x00000000dab00000, 0x0000000100000000)
  eden space 32768K, 0% used [0x00000000d6100000,0x00000000d6100000,0x00000000d8100000)
  from space 5120K, 0% used [0x00000000d8100000,0x00000000d8100000,0x00000000d8600000)
  to   space 5120K, 0% used [0x00000000da600000,0x00000000da600000,0x00000000dab00000)
 ParOldGen       total 58880K, used 8708K [0x0000000082200000, 0x0000000085b80000, 0x00000000d6100000)
  object space 58880K, 14% used [0x0000000082200000,0x0000000082a81210,0x0000000085b80000)
 Metaspace       used 20612K, capacity 21098K, committed 21248K, reserved 1067008K
  class space    used 2592K, capacity 2708K, committed 2816K, reserved 1048576K
}
Event: 5.126 GC heap before
{Heap before GC invocations=5 (full 1):
 PSYoungGen      total 37888K, used 32768K [0x00000000d6100000, 0x00000000dab00000, 0x0000000100000000)
  eden space 32768K, 100% used [0x00000000d6100000,0x00000000d8100000,0x00000000d8100000)
  from space 5120K, 0% used [0x00000000d8100000,0x00000000d8100000,0x00000000d8600000)
  to   space 5120K, 0% used [0x00000000da600000,0x00000000da600000,0x00000000dab00000)
 ParOldGen       total 58880K, used 8708K [0x0000000082200000, 0x0000000085b80000, 0x00000000d6100000)
  object space 58880K, 14% used [0x0000000082200000,0x0000000082a81210,0x0000000085b80000)
 Metaspace       used 27428K, capacity 28708K, committed 28928K, reserved 1075200K
  class space    used 3852K, capacity 4079K, committed 4096K, reserved 1048576K
Event: 5.133 GC heap after
Heap after GC invocations=5 (full 1):
 PSYoungGen      total 55296K, used 5118K [0x00000000d6100000, 0x00000000dab00000, 0x0000000100000000)
  eden space 50176K, 0% used [0x00000000d6100000,0x00000000d6100000,0x00000000d9200000)
  from space 5120K, 99% used [0x00000000da600000,0x00000000daaff990,0x00000000dab00000)
  to   space 5120K, 0% used [0x00000000da100000,0x00000000da100000,0x00000000da600000)
 ParOldGen       total 58880K, used 10836K [0x0000000082200000, 0x0000000085b80000, 0x00000000d6100000)
  object space 58880K, 18% used [0x0000000082200000,0x0000000082c95220,0x0000000085b80000)
 Metaspace       used 27428K, capacity 28708K, committed 28928K, reserved 1075200K
  class space    used 3852K, capacity 4079K, committed 4096K, reserved 1048576K
}
Event: 12.560 GC heap before
{Heap before GC invocations=6 (full 1):
 PSYoungGen      total 55296K, used 55294K [0x00000000d6100000, 0x00000000dab00000, 0x0000000100000000)
  eden space 50176K, 100% used [0x00000000d6100000,0x00000000d9200000,0x00000000d9200000)
  from space 5120K, 99% used [0x00000000da600000,0x00000000daaff990,0x00000000dab00000)
  to   space 5120K, 0% used [0x00000000da100000,0x00000000da100000,0x00000000da600000)
 ParOldGen       total 58880K, used 10836K [0x0000000082200000, 0x0000000085b80000, 0x00000000d6100000)
  object space 58880K, 18% used [0x0000000082200000,0x0000000082c95220,0x0000000085b80000)
 Metaspace       used 29461K, capacity 30908K, committed 31104K, reserved 1075200K
  class space    used 4141K, capacity 4409K, committed 4480K, reserved 1048576K
Event: 12.574 GC heap after
Heap after GC invocations=6 (full 1):
 PSYoungGen      total 70656K, used 5110K [0x00000000d6100000, 0x00000000db900000, 0x0000000100000000)
  eden space 65536K, 0% used [0x00000000d6100000,0x00000000d6100000,0x00000000da100000)
  from space 5120K, 99% used [0x00000000da100000,0x00000000da5fdaf0,0x00000000da600000)
  to   space 8192K, 0% used [0x00000000db100000,0x00000000db100000,0x00000000db900000)
 ParOldGen       total 58880K, used 13153K [0x0000000082200000, 0x0000000085b80000, 0x00000000d6100000)
  object space 58880K, 22% used [0x0000000082200000,0x0000000082ed84c8,0x0000000085b80000)
 Metaspace       used 29461K, capacity 30908K, committed 31104K, reserved 1075200K
  class space    used 4141K, capacity 4409K, committed 4480K, reserved 1048576K
}
Event: 19.406 GC heap before
{Heap before GC invocations=7 (full 1):
 PSYoungGen      total 70656K, used 70646K [0x00000000d6100000, 0x00000000db900000, 0x0000000100000000)
  eden space 65536K, 100% used [0x00000000d6100000,0x00000000da100000,0x00000000da100000)
  from space 5120K, 99% used [0x00000000da100000,0x00000000da5fdaf0,0x00000000da600000)
  to   space 8192K, 0% used [0x00000000db100000,0x00000000db100000,0x00000000db900000)
 ParOldGen       total 58880K, used 13153K [0x0000000082200000, 0x0000000085b80000, 0x00000000d6100000)
  object space 58880K, 22% used [0x0000000082200000,0x0000000082ed84c8,0x0000000085b80000)
 Metaspace       used 29883K, capacity 31366K, committed 31616K, reserved 1077248K
  class space    used 4163K, capacity 4452K, committed 4480K, reserved 1048576K
Event: 19.415 GC heap after
Heap after GC invocations=7 (full 1):
 PSYoungGen      total 81920K, used 5486K [0x00000000d6100000, 0x00000000dcb00000, 0x0000000100000000)
  eden space 73728K, 0% used [0x00000000d6100000,0x00000000d6100000,0x00000000da900000)
  from space 8192K, 66% used [0x00000000db100000,0x00000000db65b818,0x00000000db900000)
  to   space 8192K, 0% used [0x00000000da900000,0x00000000da900000,0x00000000db100000)
 ParOldGen       total 58880K, used 13161K [0x0000000082200000, 0x0000000085b80000, 0x00000000d6100000)
  object space 58880K, 22% used [0x0000000082200000,0x0000000082eda4c8,0x0000000085b80000)
 Metaspace       used 29883K, capacity 31366K, committed 31616K, reserved 1077248K
  class space    used 4163K, capacity 4452K, committed 4480K, reserved 1048576K
}

