# JRE version: Java(TM) SE Runtime Environment (8.0_66-b18) (build 1.8.0_66-b18)
# Java VM: Java HotSpot(TM) 64-Bit Server VM (25.66-b18 mixed mode windows-amd64 compressed oops)
Heap:
 PSYoungGen      total 31744K, used 19213K [0x000000076b580000, 0x000000076d880000, 0x00000007c0000000)
  eden space 31232K, 61% used [0x000000076b580000,0x000000076c823798,0x000000076d400000)
  from space 512K, 25% used [0x000000076d800000,0x000000076d820000,0x000000076d880000)
  to   space 512K, 0% used [0x000000076d780000,0x000000076d780000,0x000000076d800000)
 ParOldGen       total 173568K, used 6756K [0x00000006c2000000, 0x00000006cc980000, 0x000000076b580000)
  object space 173568K, 3% used [0x00000006c2000000,0x00000006c2699200,0x00000006cc980000)
 Metaspace       used 14433K, capacity 14578K, committed 14848K, reserved 1062912K
  class space    used 1704K, capacity 1719K, committed 1792K, reserved 1048576K
GC Heap History (10 events):
Event: 638.084 GC heap before
{Heap before GC invocations=470 (full 0):
 PSYoungGen      total 31744K, used 31328K [0x000000076b580000, 0x000000076d880000, 0x00000007c0000000)
  eden space 31232K, 100% used [0x000000076b580000,0x000000076d400000,0x000000076d400000)
  from space 512K, 18% used [0x000000076d780000,0x000000076d798000,0x000000076d800000)
  to   space 512K, 0% used [0x000000076d800000,0x000000076d800000,0x000000076d880000)
 ParOldGen       total 173568K, used 6716K [0x00000006c2000000, 0x00000006cc980000, 0x000000076b580000)
  object space 173568K, 3% used [0x00000006c2000000,0x00000006c268f200,0x00000006cc980000)
 Metaspace       used 14431K, capacity 14578K, committed 14848K, reserved 1062912K
  class space    used 1704K, capacity 1719K, committed 1792K, reserved 1048576K
Event: 638.085 GC heap after
Heap after GC invocations=470 (full 0):
 PSYoungGen      total 31744K, used 96K [0x000000076b580000, 0x000000076d880000, 0x00000007c0000000)
  eden space 31232K, 0% used [0x000000076b580000,0x000000076b580000,0x000000076d400000)
  from space 512K, 18% used [0x000000076d800000,0x000000076d818000,0x000000076d880000)
  to   space 512K, 0% used [0x000000076d780000,0x000000076d780000,0x000000076d800000)
 ParOldGen       total 173568K, used 6716K [0x00000006c2000000, 0x00000006cc980000, 0x000000076b580000)
  object space 173568K, 3% used [0x00000006c2000000,0x00000006c268f200,0x00000006cc980000)
 Metaspace       used 14431K, capacity 14578K, committed 14848K, reserved 1062912K
  class space    used 1704K, capacity 1719K, committed 1792K, reserved 1048576K
}
Event: 639.769 GC heap before
{Heap before GC invocations=471 (full 0):
 PSYoungGen      total 31744K, used 31328K [0x000000076b580000, 0x000000076d880000, 0x00000007c0000000)
  eden space 31232K, 100% used [0x000000076b580000,0x000000076d400000,0x000000076d400000)
  from space 512K, 18% used [0x000000076d800000,0x000000076d818000,0x000000076d880000)
  to   space 512K, 0% used [0x000000076d780000,0x000000076d780000,0x000000076d800000)
 ParOldGen       total 173568K, used 6716K [0x00000006c2000000, 0x00000006cc980000, 0x000000076b580000)
  object space 173568K, 3% used [0x00000006c2000000,0x00000006c268f200,0x00000006cc980000)
 Metaspace       used 14431K, capacity 14578K, committed 14848K, reserved 1062912K
  class space    used 1704K, capacity 1719K, committed 1792K, reserved 1048576K
Event: 639.770 GC heap after
Heap after GC invocations=471 (full 0):
 PSYoungGen      total 31744K, used 96K [0x000000076b580000, 0x000000076d880000, 0x00000007c0000000)
  eden space 31232K, 0% used [0x000000076b580000,0x000000076b580000,0x000000076d400000)
  from space 512K, 18% used [0x000000076d780000,0x000000076d798000,0x000000076d800000)
  to   space 512K, 0% used [0x000000076d800000,0x000000076d800000,0x000000076d880000)
 ParOldGen       total 173568K, used 6716K [0x00000006c2000000, 0x00000006cc980000, 0x000000076b580000)
  object space 173568K, 3% used [0x00000006c2000000,0x00000006c268f200,0x00000006cc980000)
 Metaspace       used 14431K, capacity 14578K, committed 14848K, reserved 1062912K
  class space    used 1704K, capacity 1719K, committed 1792K, reserved 1048576K
}
Event: 641.431 GC heap before
{Heap before GC invocations=472 (full 0):
 PSYoungGen      total 31744K, used 31328K [0x000000076b580000, 0x000000076d880000, 0x00000007c0000000)
  eden space 31232K, 100% used [0x000000076b580000,0x000000076d400000,0x000000076d400000)
  from space 512K, 18% used [0x000000076d780000,0x000000076d798000,0x000000076d800000)
  to   space 512K, 0% used [0x000000076d800000,0x000000076d800000,0x000000076d880000)
 ParOldGen       total 173568K, used 6716K [0x00000006c2000000, 0x00000006cc980000, 0x000000076b580000)
  object space 173568K, 3% used [0x00000006c2000000,0x00000006c268f200,0x00000006cc980000)
 Metaspace       used 14432K, capacity 14578K, committed 14848K, reserved 1062912K
  class space    used 1704K, capacity 1719K, committed 1792K, reserved 1048576K
Event: 641.432 GC heap after
Heap after GC invocations=472 (full 0):
 PSYoungGen      total 31744K, used 96K [0x000000076b580000, 0x000000076d880000, 0x00000007c0000000)
  eden space 31232K, 0% used [0x000000076b580000,0x000000076b580000,0x000000076d400000)
  from space 512K, 18% used [0x000000076d800000,0x000000076d818000,0x000000076d880000)
  to   space 512K, 0% used [0x000000076d780000,0x000000076d780000,0x000000076d800000)
 ParOldGen       total 173568K, used 6732K [0x00000006c2000000, 0x00000006cc980000, 0x000000076b580000)
  object space 173568K, 3% used [0x00000006c2000000,0x00000006c2693200,0x00000006cc980000)
 Metaspace       used 14432K, capacity 14578K, committed 14848K, reserved 1062912K
  class space    used 1704K, capacity 1719K, committed 1792K, reserved 1048576K
}
Event: 642.324 GC heap before
{Heap before GC invocations=473 (full 0):
 PSYoungGen      total 31744K, used 31328K [0x000000076b580000, 0x000000076d880000, 0x00000007c0000000)
  eden space 31232K, 100% used [0x000000076b580000,0x000000076d400000,0x000000076d400000)
  from space 512K, 18% used [0x000000076d800000,0x000000076d818000,0x000000076d880000)
  to   space 512K, 0% used [0x000000076d780000,0x000000076d780000,0x000000076d800000)
 ParOldGen       total 173568K, used 6732K [0x00000006c2000000, 0x00000006cc980000, 0x000000076b580000)
  object space 173568K, 3% used [0x00000006c2000000,0x00000006c2693200,0x00000006cc980000)
 Metaspace       used 14432K, capacity 14578K, committed 14848K, reserved 1062912K
  class space    used 1704K, capacity 1719K, committed 1792K, reserved 1048576K
Event: 642.325 GC heap after
Heap after GC invocations=473 (full 0):
 PSYoungGen      total 31744K, used 128K [0x000000076b580000, 0x000000076d880000, 0x00000007c0000000)
  eden space 31232K, 0% used [0x000000076b580000,0x000000076b580000,0x000000076d400000)
  from space 512K, 25% used [0x000000076d780000,0x000000076d7a0000,0x000000076d800000)
  to   space 512K, 0% used [0x000000076d800000,0x000000076d800000,0x000000076d880000)
 ParOldGen       total 173568K, used 6756K [0x00000006c2000000, 0x00000006cc980000, 0x000000076b580000)
  object space 173568K, 3% used [0x00000006c2000000,0x00000006c2699200,0x00000006cc980000)
 Metaspace       used 14432K, capacity 14578K, committed 14848K, reserved 1062912K
  class space    used 1704K, capacity 1719K, committed 1792K, reserved 1048576K
}
Event: 643.990 GC heap before
{Heap before GC invocations=474 (full 0):
 PSYoungGen      total 31744K, used 31360K [0x000000076b580000, 0x000000076d880000, 0x00000007c0000000)
  eden space 31232K, 100% used [0x000000076b580000,0x000000076d400000,0x000000076d400000)
  from space 512K, 25% used [0x000000076d780000,0x000000076d7a0000,0x000000076d800000)
  to   space 512K, 0% used [0x000000076d800000,0x000000076d800000,0x000000076d880000)
 ParOldGen       total 173568K, used 6756K [0x00000006c2000000, 0x00000006cc980000, 0x000000076b580000)
  object space 173568K, 3% used [0x00000006c2000000,0x00000006c2699200,0x00000006cc980000)
 Metaspace       used 14433K, capacity 14578K, committed 14848K, reserved 1062912K
  class space    used 1704K, capacity 1719K, committed 1792K, reserved 1048576K
Event: 643.991 GC heap after
Heap after GC invocations=474 (full 0):
 PSYoungGen      total 31744K, used 128K [0x000000076b580000, 0x000000076d880000, 0x00000007c0000000)
  eden space 31232K, 0% used [0x000000076b580000,0x000000076b580000,0x000000076d400000)
  from space 512K, 25% used [0x000000076d800000,0x000000076d820000,0x000000076d880000)
  to   space 512K, 0% used [0x000000076d780000,0x000000076d780000,0x000000076d800000)
 ParOldGen       total 173568K, used 6756K [0x00000006c2000000, 0x00000006cc980000, 0x000000076b580000)
  object space 173568K, 3% used [0x00000006c2000000,0x00000006c2699200,0x00000006cc980000)
 Metaspace       used 14433K, capacity 14578K, committed 14848K, reserved 1062912K
  class space    used 1704K, capacity 1719K, committed 1792K, reserved 1048576K
}

